<?xml version="1.0" encoding="UTF-8" ?>
<testsuite tests="4" failures="0" name="org.cap.test.bankapp.BankAppTestCase" time="0.007" errors="0" skipped="1">
  <properties>
[...]
</properties>
  <testcase classname="org.cap.test.bankapp.BankAppTestCase" name="test_add_numbers_method" time="0.003"/>
  <testcase classname="org.cap.test.bankapp.BankAppTestCase" name="test_add_Account_with_null_customer" time="0.001"/>
  <testcase classname="org.cap.test.bankapp.BankAppTestCase" name="test_myloop" time="0.003">
    <skipped/>
  </testcase>
  <testcase classname="org.cap.test.bankapp.BankAppTestCase" name="test_add_Account_with_null_low_balance" time="0"/>
</testsuite>